<?xml version="1.0" encoding="UTF-8"?>
<!-- Generated by org.testng.reporters.JUnitReportReporter -->
<testsuite skipped="0" hostname="LAPTOP-AM40Q86J" name="com.testClasses.SortBy_productName" tests="2" failures="0" timestamp="2022-08-29T20:27:51 IST" time="27.744" errors="0">
  <testcase name="SortByProductName" time="15.802" classname="com.testClasses.SortBy_productName"/>
  <system-out>
    <![CDATA[TEST-CASE-01 failed: Before-sorted elements compaired]]>
  </system-out>
  <testcase name="SortByProductPrice" time="11.942" classname="com.testClasses.SortBy_productName"/>
  <system-out>
    <![CDATA[TEST-CASE-02 failed: Non-sorted elements compared with  Sorted-Elements ]]>
  </system-out>
</testsuite> <!-- com.testClasses.SortBy_productName -->
